644957783
643990410
277449146
646113764
646104151
646174470
645928756
645621454
645285091
638823237
645333293
644163176
640008657
639713559
638313496
637861419
638579286
643506804
639994159
638475119
638538283
642153013
641411866
642959701
643154805
643917544
644404547
643860873
642335329
643155095
643409854
643916836
643849794
641532334
644257709
643390818
644084442
643771762
643514365
642153891
644026377
643883232
644231858
642985991
643371542
643648406
641502449
643064081
643046985
642255275
643334772
644825042
641672363
643178216
643545797
644053108
643957485
643650805
643515876
644196502
643541170
643583836
644284603
642794792
643784774
643711522
641919060
644891735
644824081
641444237
641577582
642077995
643558011
643363058
642873739
644024261
644538063
644322555
644062952
643453218
642974559
644059297
644812569
644512738
644165391
644904290
644211712
644143040
641635068
110964914
85424165
644543448
644405801
644064788
644503362
644906247
644694056
644775339
644392467
644618956
